# JRE version: Java(TM) SE Runtime Environment (11.0.4+10) (build 11.0.4+10-LTS)
# Java VM: Java HotSpot(TM) 64-Bit Server VM (11.0.4+10-LTS, mixed mode, tiered, compressed oops, g1 gc, windows-amd64)
Heap:
 garbage-first heap   total 189440K, used 24361K [0x0000000080200000, 0x0000000100000000)
  region size 1024K, 7 young (7168K), 5 survivors (5120K)
 Metaspace       used 59002K, capacity 60388K, committed 60464K, reserved 1101824K
  class space    used 7442K, capacity 8026K, committed 8064K, reserved 1048576K
GC Heap History (10 events):
Event: 4.251 GC heap before
{Heap before GC invocations=6 (full 0):
 garbage-first heap   total 157696K, used 89596K [0x0000000080200000, 0x0000000100000000)
  region size 1024K, 83 young (84992K), 4 survivors (4096K)
 Metaspace       used 32678K, capacity 33640K, committed 33840K, reserved 1079296K
  class space    used 3765K, capacity 4140K, committed 4224K, reserved 1048576K
}
Event: 4.266 GC heap after
{Heap after GC invocations=7 (full 0):
 garbage-first heap   total 157696K, used 13512K [0x0000000080200000, 0x0000000100000000)
  region size 1024K, 7 young (7168K), 7 survivors (7168K)
 Metaspace       used 32678K, capacity 33640K, committed 33840K, reserved 1079296K
  class space    used 3765K, capacity 4140K, committed 4224K, reserved 1048576K
}
Event: 4.650 GC heap before
{Heap before GC invocations=7 (full 0):
 garbage-first heap   total 157696K, used 67784K [0x0000000080200000, 0x0000000100000000)
  region size 1024K, 62 young (63488K), 7 survivors (7168K)
 Metaspace       used 34919K, capacity 35853K, committed 35920K, reserved 1081344K
  class space    used 4028K, capacity 4430K, committed 4480K, reserved 1048576K
}
Event: 4.662 GC heap after
{Heap after GC invocations=8 (full 0):
 garbage-first heap   total 157696K, used 14600K [0x0000000080200000, 0x0000000100000000)
  region size 1024K, 7 young (7168K), 7 survivors (7168K)
 Metaspace       used 34919K, capacity 35853K, committed 35920K, reserved 1081344K
  class space    used 4028K, capacity 4430K, committed 4480K, reserved 1048576K
}
Event: 5.753 GC heap before
{Heap before GC invocations=9 (full 0):
 garbage-first heap   total 157696K, used 94472K [0x0000000080200000, 0x0000000100000000)
  region size 1024K, 86 young (88064K), 7 survivors (7168K)
 Metaspace       used 46309K, capacity 47482K, committed 47792K, reserved 1091584K
  class space    used 5614K, capacity 6074K, committed 6144K, reserved 1048576K
}
Event: 5.766 GC heap after
{Heap after GC invocations=10 (full 0):
 garbage-first heap   total 157696K, used 19257K [0x0000000080200000, 0x0000000100000000)
  region size 1024K, 10 young (10240K), 10 survivors (10240K)
 Metaspace       used 46309K, capacity 47482K, committed 47792K, reserved 1091584K
  class space    used 5614K, capacity 6074K, committed 6144K, reserved 1048576K
}
Event: 7.729 GC heap before
{Heap before GC invocations=10 (full 0):
 garbage-first heap   total 157696K, used 103225K [0x0000000080200000, 0x0000000100000000)
  region size 1024K, 92 young (94208K), 10 survivors (10240K)
 Metaspace       used 58343K, capacity 59739K, committed 59824K, reserved 1101824K
  class space    used 7360K, capacity 7916K, committed 7936K, reserved 1048576K
}
Event: 7.744 GC heap after
{Heap after GC invocations=11 (full 0):
 garbage-first heap   total 189440K, used 22881K [0x0000000080200000, 0x0000000100000000)
  region size 1024K, 10 young (10240K), 10 survivors (10240K)
 Metaspace       used 58343K, capacity 59739K, committed 59824K, reserved 1101824K
  class space    used 7360K, capacity 7916K, committed 7936K, reserved 1048576K
}
Event: 17.520 GC heap before
{Heap before GC invocations=11 (full 0):
 garbage-first heap   total 189440K, used 25953K [0x0000000080200000, 0x0000000100000000)
  region size 1024K, 14 young (14336K), 10 survivors (10240K)
 Metaspace       used 58737K, capacity 60100K, committed 60208K, reserved 1101824K
  class space    used 7412K, capacity 7994K, committed 8064K, reserved 1048576K
}
Event: 17.532 GC heap after
{Heap after GC invocations=12 (full 0):
 garbage-first heap   total 189440K, used 23337K [0x0000000080200000, 0x0000000100000000)
  region size 1024K, 5 young (5120K), 5 survivors (5120K)
 Metaspace       used 58737K, capacity 60100K, committed 60208K, reserved 1101824K
  class space    used 7412K, capacity 7994K, committed 8064K, reserved 1048576K
}

