# JRE version: Java(TM) SE Runtime Environment (11.0.4+10) (build 11.0.4+10-LTS)
# Java VM: Java HotSpot(TM) 64-Bit Server VM (11.0.4+10-LTS, mixed mode, tiered, compressed oops, g1 gc, windows-amd64)
Heap:
 garbage-first heap   total 189440K, used 23021K [0x0000000080200000, 0x0000000100000000)
  region size 1024K, 5 young (5120K), 5 survivors (5120K)
 Metaspace       used 58731K, capacity 60102K, committed 60208K, reserved 1101824K
  class space    used 7412K, capacity 7994K, committed 8064K, reserved 1048576K
GC Heap History (10 events):
Event: 2.348 GC heap after
{Heap after GC invocations=6 (full 0):
 garbage-first heap   total 131072K, used 9522K [0x0000000080200000, 0x0000000100000000)
  region size 1024K, 4 young (4096K), 4 survivors (4096K)
 Metaspace       used 23654K, capacity 24205K, committed 24368K, reserved 1071104K
  class space    used 2630K, capacity 2851K, committed 2944K, reserved 1048576K
}
Event: 3.687 GC heap before
{Heap before GC invocations=6 (full 0):
 garbage-first heap   total 131072K, used 77106K [0x0000000080200000, 0x0000000100000000)
  region size 1024K, 71 young (72704K), 4 survivors (4096K)
 Metaspace       used 30566K, capacity 31343K, committed 31408K, reserved 1077248K
  class space    used 3490K, capacity 3822K, committed 3840K, reserved 1048576K
}
Event: 3.700 GC heap after
{Heap after GC invocations=7 (full 0):
 garbage-first heap   total 157696K, used 12288K [0x0000000080200000, 0x0000000100000000)
  region size 1024K, 6 young (6144K), 6 survivors (6144K)
 Metaspace       used 30566K, capacity 31343K, committed 31408K, reserved 1077248K
  class space    used 3490K, capacity 3822K, committed 3840K, reserved 1048576K
}
Event: 4.506 GC heap before
{Heap before GC invocations=7 (full 0):
 garbage-first heap   total 157696K, used 76800K [0x0000000080200000, 0x0000000100000000)
  region size 1024K, 71 young (72704K), 6 survivors (6144K)
 Metaspace       used 34927K, capacity 35852K, committed 35920K, reserved 1081344K
  class space    used 4026K, capacity 4430K, committed 4480K, reserved 1048576K
}
Event: 4.518 GC heap after
{Heap after GC invocations=8 (full 0):
 garbage-first heap   total 157696K, used 14596K [0x0000000080200000, 0x0000000100000000)
  region size 1024K, 9 young (9216K), 9 survivors (9216K)
 Metaspace       used 34927K, capacity 35852K, committed 35920K, reserved 1081344K
  class space    used 4026K, capacity 4430K, committed 4480K, reserved 1048576K
}
Event: 5.617 GC heap before
{Heap before GC invocations=9 (full 0):
 garbage-first heap   total 157696K, used 98564K [0x0000000080200000, 0x0000000100000000)
  region size 1024K, 92 young (94208K), 9 survivors (9216K)
 Metaspace       used 46195K, capacity 47356K, committed 47536K, reserved 1091584K
  class space    used 5599K, capacity 6074K, committed 6144K, reserved 1048576K
}
Event: 5.631 GC heap after
{Heap after GC invocations=10 (full 0):
 garbage-first heap   total 157696K, used 18876K [0x0000000080200000, 0x0000000100000000)
  region size 1024K, 11 young (11264K), 11 survivors (11264K)
 Metaspace       used 46195K, capacity 47356K, committed 47536K, reserved 1091584K
  class space    used 5599K, capacity 6074K, committed 6144K, reserved 1048576K
}
Event: 7.705 GC heap before
{Heap before GC invocations=10 (full 0):
 garbage-first heap   total 157696K, used 101820K [0x0000000080200000, 0x0000000100000000)
  region size 1024K, 92 young (94208K), 11 survivors (11264K)
 Metaspace       used 58322K, capacity 59741K, committed 59824K, reserved 1101824K
  class space    used 7359K, capacity 7916K, committed 7936K, reserved 1048576K
}
Event: 7.720 GC heap after
{Heap after GC invocations=11 (full 0):
 garbage-first heap   total 157696K, used 23252K [0x0000000080200000, 0x0000000100000000)
  region size 1024K, 10 young (10240K), 10 survivors (10240K)
 Metaspace       used 58322K, capacity 59741K, committed 59824K, reserved 1101824K
  class space    used 7359K, capacity 7916K, committed 7936K, reserved 1048576K
}
Event: 19.380 GC heap before
{Heap before GC invocations=11 (full 0):
 garbage-first heap   total 157696K, used 26324K [0x0000000080200000, 0x0000000100000000)
  region size 1024K, 14 young (14336K), 10 survivors (10240K)
 Metaspace       used 58731K, capacity 60102K, committed 60208K, reserved 1101824K
  class space    used 7412K, capacity 7994K, committed 8064K, reserved 1048576K
}

